[debug] [2023-10-10T10:55:13.809Z] ----------------------------------------------------------------------
[debug] [2023-10-10T10:55:13.812Z] Command:       C:\Program Files\nodejs\node.exe C:\Users\PRAVEEN\AppData\Roaming\npm\node_modules\firebase-tools\lib\bin\firebase.js init
[debug] [2023-10-10T10:55:13.812Z] CLI Version:   12.6.2
[debug] [2023-10-10T10:55:13.813Z] Platform:      win32
[debug] [2023-10-10T10:55:13.813Z] Node Version:  v16.14.0
[debug] [2023-10-10T10:55:13.814Z] Time:          Tue Oct 10 2023 16:25:13 GMT+0530 (India Standard Time)
[debug] [2023-10-10T10:55:13.815Z] ----------------------------------------------------------------------
[debug] 
[debug] [2023-10-10T10:55:13.824Z] > command requires scopes: ["email","openid","https://www.googleapis.com/auth/cloudplatformprojects.readonly","https://www.googleapis.com/auth/firebase","https://www.googleapis.com/auth/cloud-platform"]
[debug] [2023-10-10T10:55:13.824Z] > authorizing via signed-in user (sreedharreddy775@gmail.com)
[info] 
     ######## #### ########  ######## ########     ###     ######  ########
     ##        ##  ##     ## ##       ##     ##  ##   ##  ##       ##
     ######    ##  ########  ######   ########  #########  ######  ######
     ##        ##  ##    ##  ##       ##     ## ##     ##       ## ##
     ##       #### ##     ## ######## ########  ##     ##  ######  ########

You're about to initialize a Firebase project in this directory:

  C:\Users\PRAVEEN\OneDrive\Desktop\New folder (10)

[info] 
=== Project Setup
[info] 
[info] First, let's associate this project directory with a Firebase project.
[info] You can create multiple project aliases by running firebase use --add, 
[info] but for now we'll just set up a default project.
[info] 
[info] i  If you want to create a project in a Google Cloud organization or folder, please use "firebase projects:create" instead, and return to this command when you've created the project. 
[debug] [2023-10-10T10:56:36.616Z] >>> [apiv2][query] POST https://cloudresourcemanager.googleapis.com/v1/projects [none]
[debug] [2023-10-10T10:56:36.616Z] >>> [apiv2][body] POST https://cloudresourcemanager.googleapis.com/v1/projects {"projectId":"upload image firebase","name":"image upload"}
[debug] [2023-10-10T10:56:38.232Z] <<< [apiv2][status] POST https://cloudresourcemanager.googleapis.com/v1/projects 400
[debug] [2023-10-10T10:56:38.232Z] <<< [apiv2][body] POST https://cloudresourcemanager.googleapis.com/v1/projects {"error":{"code":400,"message":"field [project_id] has issue [project_id contains invalid characters]","status":"INVALID_ARGUMENT","details":[{"@type":"type.googleapis.com/google.rpc.BadRequest","fieldViolations":[{"field":"project_id","description":"project_id contains invalid characters"}]},{"@type":"type.googleapis.com/google.rpc.Help","links":[{"url":"https://cloud.google.com/resource-manager/reference/rest/v1/projects"}]}]}}
[debug] [2023-10-10T10:56:38.403Z] FirebaseError: HTTP Error: 400, field [project_id] has issue [project_id contains invalid characters]
    at responseToError (C:\Users\PRAVEEN\AppData\Roaming\npm\node_modules\firebase-tools\lib\responseToError.js:49:12)
    at RetryOperation._fn (C:\Users\PRAVEEN\AppData\Roaming\npm\node_modules\firebase-tools\lib\apiv2.js:285:77)
    at processTicksAndRejections (node:internal/process/task_queues:96:5)
[error] 
[error] Error: Failed to create project. See firebase-debug.log for more info.
[debug] [2023-10-10T10:57:09.024Z] ----------------------------------------------------------------------
[debug] [2023-10-10T10:57:09.026Z] Command:       C:\Program Files\nodejs\node.exe C:\Users\PRAVEEN\AppData\Roaming\npm\node_modules\firebase-tools\lib\bin\firebase.js init
[debug] [2023-10-10T10:57:09.027Z] CLI Version:   12.6.2
[debug] [2023-10-10T10:57:09.027Z] Platform:      win32
[debug] [2023-10-10T10:57:09.027Z] Node Version:  v16.14.0
[debug] [2023-10-10T10:57:09.037Z] Time:          Tue Oct 10 2023 16:27:09 GMT+0530 (India Standard Time)
[debug] [2023-10-10T10:57:09.037Z] ----------------------------------------------------------------------
[debug] 
[debug] [2023-10-10T10:57:09.052Z] > command requires scopes: ["email","openid","https://www.googleapis.com/auth/cloudplatformprojects.readonly","https://www.googleapis.com/auth/firebase","https://www.googleapis.com/auth/cloud-platform"]
[debug] [2023-10-10T10:57:09.053Z] > authorizing via signed-in user (sreedharreddy775@gmail.com)
[info] 
     ######## #### ########  ######## ########     ###     ######  ########
     ##        ##  ##     ## ##       ##     ##  ##   ##  ##       ##
     ######    ##  ########  ######   ########  #########  ######  ######
     ##        ##  ##    ##  ##       ##     ## ##     ##       ## ##
     ##       #### ##     ## ######## ########  ##     ##  ######  ########

You're about to initialize a Firebase project in this directory:

  C:\Users\PRAVEEN\OneDrive\Desktop\New folder (10)

[info] 
=== Project Setup
[info] 
[info] First, let's associate this project directory with a Firebase project.
[info] You can create multiple project aliases by running firebase use --add, 
[info] but for now we'll just set up a default project.
[info] 
[debug] [2023-10-10T10:58:47.424Z] >>> [apiv2][query] GET https://firebase.googleapis.com/v1beta1/projects pageSize=100
[debug] [2023-10-10T10:58:48.510Z] <<< [apiv2][status] GET https://firebase.googleapis.com/v1beta1/projects 200
[debug] [2023-10-10T10:58:48.510Z] <<< [apiv2][body] GET https://firebase.googleapis.com/v1beta1/projects [omitted]
[info] i  Using project imageupload-15c07 (imageupload) 
[info] 
=== Hosting Setup
[info] 
[info] Your public directory is the folder (relative to your project directory) that
[info] will contain Hosting assets to be uploaded with firebase deploy. If you
[info] have a build process for your assets, use your build's output directory.
[info] 
[info] +  Wrote public/404.html 
[debug] [2023-10-10T10:59:04.246Z] >>> [apiv2][query] GET https://www.gstatic.com/firebasejs/releases.json [none]
[debug] [2023-10-10T10:59:04.500Z] <<< [apiv2][status] GET https://www.gstatic.com/firebasejs/releases.json 200
[debug] [2023-10-10T10:59:04.500Z] <<< [apiv2][body] GET https://www.gstatic.com/firebasejs/releases.json {"current":{"version":"10.4.0","browserURL":"https://www.gstatic.com/firebasejs/10.4.0/firebase.js","packageURL":"https://www.gstatic.com/firebasejs/10.4.0/firebase.tgz"},"live":{"version":"10.4","browserURL":"https://www.gstatic.com/firebasejs/live/10.4/firebase.js","packageURL":"https://www.gstatic.com/firebasejs/live/10.4/firebase.tgz"},"components":{"analytics":"https://www.gstatic.com/firebasejs/10.4.0/firebase-analytics.js","app":"https://www.gstatic.com/firebasejs/10.4.0/firebase-app.js","app-check":"https://www.gstatic.com/firebasejs/10.4.0/firebase-app-check.js","auth":"https://www.gstatic.com/firebasejs/10.4.0/firebase-auth.js","auth/cordova":"https://www.gstatic.com/firebasejs/10.4.0/firebase-auth/cordova.js","functions":"https://www.gstatic.com/firebasejs/10.4.0/firebase-functions.js","firestore":"https://www.gstatic.com/firebasejs/10.4.0/firebase-firestore.js","firestore/lite":"https://www.gstatic.com/firebasejs/10.4.0/firebase-firestore/lite.js","installations":"https://www.gstatic.com/firebasejs/10.4.0/firebase-installations.js","storage":"https://www.gstatic.com/firebasejs/10.4.0/firebase-storage.js","performance":"https://www.gstatic.com/firebasejs/10.4.0/firebase-performance.js","remote-config":"https://www.gstatic.com/firebasejs/10.4.0/firebase-remote-config.js","messaging":"https://www.gstatic.com/firebasejs/10.4.0/firebase-messaging.js","messaging/sw":"https://www.gstatic.com/firebasejs/10.4.0/firebase-messaging/sw.js","database":"https://www.gstatic.com/firebasejs/10.4.0/firebase-database.js","firestore.memory":"https://www.gstatic.com/firebasejs/10.4.0/firebase-firestore.memory.js"}}
[info] +  Wrote public/index.html 
[info] 
[info] i  Didn't detect a .git folder. Assuming C:\Users\PRAVEEN\OneDrive\Desktop\New folder (10) is the project root. 
[info] i  Authorizing with GitHub to upload your service account to a GitHub repository's secrets store. 
[info] 
[info] Visit this URL on this device to log in:
[info] https://github.com/login/oauth/authorize?client_id=89cf50f02ac6aaed3484&state=273902950&redirect_uri=http%3A%2F%2Flocalhost%3A9005&scope=read%3Auser%20repo%20public_repo
[info] 
[info] Waiting for authentication...
[debug] [2023-10-10T10:59:11.060Z] >>> [apiv2][query] POST https://github.com/login/oauth/access_token [none]
[debug] [2023-10-10T10:59:11.061Z] >>> [apiv2][body] POST https://github.com/login/oauth/access_token [stream]
[debug] [2023-10-10T10:59:11.498Z] <<< [apiv2][status] POST https://github.com/login/oauth/access_token 200
[debug] [2023-10-10T10:59:11.499Z] <<< [apiv2][body] POST https://github.com/login/oauth/access_token {"access_token":"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","token_type":"bearer","scope":"read:user,repo"}
[debug] [2023-10-10T10:59:11.530Z] >>> [apiv2][query] GET https://api.github.com/user [none]
[debug] [2023-10-10T10:59:12.012Z] <<< [apiv2][status] GET https://api.github.com/user 200
[debug] [2023-10-10T10:59:12.012Z] <<< [apiv2][body] GET https://api.github.com/user {"login":"praveen889","id":60999279,"node_id":"MDQ6VXNlcjYwOTk5Mjc5","avatar_url":"https://avatars.githubusercontent.com/u/60999279?v=4","gravatar_id":"","url":"https://api.github.com/users/praveen889","html_url":"https://github.com/praveen889","followers_url":"https://api.github.com/users/praveen889/followers","following_url":"https://api.github.com/users/praveen889/following{/other_user}","gists_url":"https://api.github.com/users/praveen889/gists{/gist_id}","starred_url":"https://api.github.com/users/praveen889/starred{/owner}{/repo}","subscriptions_url":"https://api.github.com/users/praveen889/subscriptions","organizations_url":"https://api.github.com/users/praveen889/orgs","repos_url":"https://api.github.com/users/praveen889/repos","events_url":"https://api.github.com/users/praveen889/events{/privacy}","received_events_url":"https://api.github.com/users/praveen889/received_events","type":"User","site_admin":false,"name":"Praveen","company":null,"blog":"","location":null,"email":null,"hireable":null,"bio":null,"twitter_username":null,"public_repos":13,"public_gists":0,"followers":1,"following":2,"created_at":"2020-02-13T05:23:29Z","updated_at":"2023-09-08T12:13:07Z","private_gists":0,"total_private_repos":0,"owned_private_repos":0,"disk_usage":325351,"collaborators":0,"two_factor_authentication":false,"plan":{"name":"free","space":976562499,"collaborators":0,"private_repos":10000}}
[info] 
[info] +  Success! Logged into GitHub as praveen889 
[info] 
